Searching for include files...
Searching for example files...
Searching for images...
Searching for dot files...
Searching for msc files...
Searching for dia files...
Searching for files to exclude
Searching for files to process...
Searching for files in directory /home/travis/build/chernikoff/otus_cpp_lesson_08/ip_printer_lib/include
Searching for files in directory /home/travis/build/chernikoff/otus_cpp_lesson_08/ip_printer_lib/include/ip_printer
Reading and parsing tag files
Parsing files
Preprocessing /home/travis/build/chernikoff/otus_cpp_lesson_08/ip_printer_lib/include/ip_printer/ip_printer.h...
Parsing file /home/travis/build/chernikoff/otus_cpp_lesson_08/ip_printer_lib/include/ip_printer/ip_printer.h...
Building group list...
Building directory list...
Building namespace list...
Building file list...
Building class list...
Associating documentation with classes...
Computing nesting relations for classes...
Building example list...
Searching for enumerations...
Searching for documented typedefs...
Searching for members imported via using declarations...
Searching for included using directives...
Searching for documented variables...
Building interface member list...
Building member list...
Searching for friends...
Searching for documented defines...
Computing class inheritance relations...
Computing class usage relations...
Flushing cached template relations that have become invalid...
Creating members for template instances...
Computing class relations...
Add enum values to enums...
Searching for member function documentation...
Building page list...
Search for main page...
Computing page relations...
Determining the scope of groups...
Sorting lists...
Freeing entry tree
Determining which enums are documented
Computing member relations...
Building full member lists recursively...
Adding members to member groups.
Computing member references...
Inheriting documentation...
Generating disk names...
Adding source references...
Adding xrefitems...
Sorting member lists...
Computing dependencies between directories...
Generating citations page...
Counting data structures...
Resolving user defined references...
Finding anchors and sections in the documentation...
Transferring function references...
Combining using relations...
Adding members to index pages...
Generating style sheet...
Generating search indices...
Generating example documentation...
Generating file sources...
Generating code for file /home/travis/build/chernikoff/otus_cpp_lesson_08/ip_printer_lib/include/ip_printer/ip_printer.h...
Generating file documentation...
Generating docs for file /home/travis/build/chernikoff/otus_cpp_lesson_08/ip_printer_lib/include/ip_printer/ip_printer.h...
Generating page documentation...
Generating group documentation...
Generating class documentation...
Generating namespace index...
Generating docs for namespace detail
Generating docs for compound detail::is_container...
Generating docs for compound detail::is_container< std::vector< T, Allocator > >...
Generating docs for compound detail::is_container< std::list< T, Allocator > >...
Generating docs for compound detail::is_tuple...
Generating docs for compound detail::is_tuple< std::tuple< Ts... > >...
Generating graph info page...
Generating directory documentation...
Generating dependency graph for directory /home/travis/build/chernikoff/otus_cpp_lesson_08/ip_printer_lib/include
Generating dependency graph for directory /home/travis/build/chernikoff/otus_cpp_lesson_08/ip_printer_lib/include/ip_printer
Generating dependency graph for directory /home/travis/build/chernikoff/otus_cpp_lesson_08/ip_printer_lib
Generating index page...
Generating page index...
Generating module index...
Generating namespace index...
Generating namespace member index...
Generating annotated compound index...
Generating alphabetical compound index...
Generating hierarchical class index...
Generating graphical class hierarchy...
Generating member index...
Generating file index...
Generating file member index...
Generating example index...
finalizing index lists...
Running dot...
Generating dot graphs using 3 parallel threads...
Running dot for graph 1/17
Running dot for graph 2/17
Running dot for graph 3/17
Running dot for graph 4/17
Running dot for graph 5/17
Running dot for graph 6/17
Running dot for graph 7/17
Running dot for graph 8/17
Running dot for graph 9/17
Running dot for graph 10/17
Running dot for graph 11/17
Running dot for graph 12/17
Running dot for graph 13/17
Running dot for graph 14/17
Running dot for graph 15/17
Running dot for graph 16/17
Running dot for graph 17/17
Patching output file 1/10
Patching output file 2/10
Patching output file 3/10
Patching output file 4/10
Patching output file 5/10
Patching output file 6/10
Patching output file 7/10
Patching output file 8/10
Patching output file 9/10
Patching output file 10/10
lookup cache used 17/65536 hits=43 misses=17
finished...
