Determining if the pthread_create exist failed with the following output:
Change Dir: /home/chernikoff/Development/otus/otus_cpp_lesson_08.git/build/CMakeFiles/CMakeTmp

Run Build Command:"/usr/bin/make" "cmTC_c0662/fast"
/usr/bin/make -f CMakeFiles/cmTC_c0662.dir/build.make CMakeFiles/cmTC_c0662.dir/build
make[1]: вход в каталог «/home/chernikoff/Development/otus/otus_cpp_lesson_08.git/build/CMakeFiles/CMakeTmp»
Building C object CMakeFiles/cmTC_c0662.dir/CheckSymbolExists.c.o
/usr/bin/cc    -o CMakeFiles/cmTC_c0662.dir/CheckSymbolExists.c.o   -c /home/chernikoff/Development/otus/otus_cpp_lesson_08.git/build/CMakeFiles/CMakeTmp/CheckSymbolExists.c
Linking C executable cmTC_c0662
/usr/bin/cmake -E cmake_link_script CMakeFiles/cmTC_c0662.dir/link.txt --verbose=1
/usr/bin/cc      -rdynamic CMakeFiles/cmTC_c0662.dir/CheckSymbolExists.c.o  -o cmTC_c0662 
CMakeFiles/cmTC_c0662.dir/CheckSymbolExists.c.o: In function `main':
CheckSymbolExists.c:(.text+0x1b): undefined reference to `pthread_create'
collect2: ошибка: выполнение ld завершилось с кодом возврата 1
make[1]: *** [CMakeFiles/cmTC_c0662.dir/build.make:98: cmTC_c0662] Ошибка 1
make[1]: выход из каталога «/home/chernikoff/Development/otus/otus_cpp_lesson_08.git/build/CMakeFiles/CMakeTmp»
make: *** [Makefile:126: cmTC_c0662/fast] Ошибка 2

File /home/chernikoff/Development/otus/otus_cpp_lesson_08.git/build/CMakeFiles/CMakeTmp/CheckSymbolExists.c:
/* */
#include <pthread.h>

int main(int argc, char** argv)
{
  (void)argv;
#ifndef pthread_create
  return ((int*)(&pthread_create))[argc];
#else
  (void)argc;
  return 0;
#endif
}

Determining if the function pthread_create exists in the pthreads failed with the following output:
Change Dir: /home/chernikoff/Development/otus/otus_cpp_lesson_08.git/build/CMakeFiles/CMakeTmp

Run Build Command:"/usr/bin/make" "cmTC_def78/fast"
/usr/bin/make -f CMakeFiles/cmTC_def78.dir/build.make CMakeFiles/cmTC_def78.dir/build
make[1]: вход в каталог «/home/chernikoff/Development/otus/otus_cpp_lesson_08.git/build/CMakeFiles/CMakeTmp»
Building C object CMakeFiles/cmTC_def78.dir/CheckFunctionExists.c.o
/usr/bin/cc   -DCHECK_FUNCTION_EXISTS=pthread_create   -o CMakeFiles/cmTC_def78.dir/CheckFunctionExists.c.o   -c /usr/share/cmake-3.10/Modules/CheckFunctionExists.c
Linking C executable cmTC_def78
/usr/bin/cmake -E cmake_link_script CMakeFiles/cmTC_def78.dir/link.txt --verbose=1
/usr/bin/cc  -DCHECK_FUNCTION_EXISTS=pthread_create    -rdynamic CMakeFiles/cmTC_def78.dir/CheckFunctionExists.c.o  -o cmTC_def78 -lpthreads 
/usr/bin/ld: cannot find -lpthreads
collect2: ошибка: выполнение ld завершилось с кодом возврата 1
make[1]: *** [CMakeFiles/cmTC_def78.dir/build.make:98: cmTC_def78] Ошибка 1
make[1]: выход из каталога «/home/chernikoff/Development/otus/otus_cpp_lesson_08.git/build/CMakeFiles/CMakeTmp»
make: *** [Makefile:126: cmTC_def78/fast] Ошибка 2


